[debug] [2021-07-30T16:16:51.417Z] ----------------------------------------------------------------------
[debug] [2021-07-30T16:16:51.418Z] Command:       /usr/local/bin/node /usr/local/bin/firebase deploy
[debug] [2021-07-30T16:16:51.418Z] CLI Version:   9.16.0
[debug] [2021-07-30T16:16:51.419Z] Platform:      darwin
[debug] [2021-07-30T16:16:51.419Z] Node Version:  v14.17.1
[debug] [2021-07-30T16:16:51.421Z] Time:          Fri Jul 30 2021 18:16:51 GMT+0200 (Central European Summer Time)
[debug] [2021-07-30T16:16:51.421Z] ----------------------------------------------------------------------
[debug] 
[debug] [2021-07-30T16:16:51.425Z] >>> [apiv2][query] GET https://firebase-public.firebaseio.com/cli.json [none]
[debug] [2021-07-30T16:16:51.486Z] > command requires scopes: ["email","openid","https://www.googleapis.com/auth/cloudplatformprojects.readonly","https://www.googleapis.com/auth/firebase","https://www.googleapis.com/auth/cloud-platform"]
[debug] [2021-07-30T16:16:51.486Z] > authorizing via signed-in user (eduardo.alvarez@novare.se)
[debug] [2021-07-30T16:16:51.487Z] [iam] checking project eika-shopping-list for permissions ["firebase.projects.get","firebasehosting.sites.update"]
[debug] [2021-07-30T16:16:51.488Z] > refreshing access token with scopes: ["email","https://www.googleapis.com/auth/cloud-platform","https://www.googleapis.com/auth/cloudplatformprojects.readonly","https://www.googleapis.com/auth/firebase","openid"]
[debug] [2021-07-30T16:16:51.488Z] >>> HTTP REQUEST POST https://www.googleapis.com/oauth2/v3/token  
 <request body omitted>
[debug] [2021-07-30T16:16:51.605Z] <<< HTTP RESPONSE 200 {"date":"Fri, 30 Jul 2021 16:16:51 GMT","expires":"Mon, 01 Jan 1990 00:00:00 GMT","pragma":"no-cache","cache-control":"no-cache, no-store, max-age=0, must-revalidate","content-type":"application/json; charset=utf-8","vary":"X-Origin, Referer, Origin,Accept-Encoding","server":"scaffolding on HTTPServer2","x-xss-protection":"0","x-frame-options":"SAMEORIGIN","x-content-type-options":"nosniff","alt-svc":"h3=\":443\"; ma=2592000,h3-29=\":443\"; ma=2592000,h3-T051=\":443\"; ma=2592000,h3-Q050=\":443\"; ma=2592000,h3-Q046=\":443\"; ma=2592000,h3-Q043=\":443\"; ma=2592000,quic=\":443\"; ma=2592000; v=\"46,43\"","accept-ranges":"none","transfer-encoding":"chunked"}
[debug] [2021-07-30T16:16:51.649Z] >>> HTTP REQUEST POST https://cloudresourcemanager.googleapis.com/v1/projects/eika-shopping-list:testIamPermissions  
 {"permissions":["firebase.projects.get","firebasehosting.sites.update"]}
[debug] [2021-07-30T16:16:51.916Z] <<< [apiv2][status] GET https://firebase-public.firebaseio.com/cli.json 200
[debug] [2021-07-30T16:16:51.917Z] <<< [apiv2][body] GET https://firebase-public.firebaseio.com/cli.json {"cloudBuildErrorAfter":1594252800000,"cloudBuildWarnAfter":1590019200000,"defaultNode10After":1594252800000,"minVersion":"3.0.5","node8DeploysDisabledAfter":1613390400000,"node8RuntimeDisabledAfter":1615809600000,"node8WarnAfter":1600128000000}
[debug] [2021-07-30T16:16:52.498Z] <<< HTTP RESPONSE 200 {"content-type":"application/json; charset=UTF-8","vary":"X-Origin, Referer, Origin,Accept-Encoding","date":"Fri, 30 Jul 2021 16:16:52 GMT","server":"ESF","cache-control":"private","x-xss-protection":"0","x-frame-options":"SAMEORIGIN","x-content-type-options":"nosniff","server-timing":"gfet4t7; dur=684","alt-svc":"h3=\":443\"; ma=2592000,h3-29=\":443\"; ma=2592000,h3-T051=\":443\"; ma=2592000,h3-Q050=\":443\"; ma=2592000,h3-Q046=\":443\"; ma=2592000,h3-Q043=\":443\"; ma=2592000,quic=\":443\"; ma=2592000; v=\"46,43\"","accept-ranges":"none","transfer-encoding":"chunked"}
[debug] [2021-07-30T16:16:52.501Z] > refreshing access token with scopes: []
[debug] [2021-07-30T16:16:52.501Z] >>> HTTP REQUEST POST https://www.googleapis.com/oauth2/v3/token  
 <request body omitted>
[debug] [2021-07-30T16:16:52.607Z] <<< HTTP RESPONSE 200 {"expires":"Mon, 01 Jan 1990 00:00:00 GMT","cache-control":"no-cache, no-store, max-age=0, must-revalidate","pragma":"no-cache","date":"Fri, 30 Jul 2021 16:16:52 GMT","content-type":"application/json; charset=utf-8","vary":"X-Origin, Referer, Origin,Accept-Encoding","server":"scaffolding on HTTPServer2","x-xss-protection":"0","x-frame-options":"SAMEORIGIN","x-content-type-options":"nosniff","alt-svc":"h3=\":443\"; ma=2592000,h3-29=\":443\"; ma=2592000,h3-T051=\":443\"; ma=2592000,h3-Q050=\":443\"; ma=2592000,h3-Q046=\":443\"; ma=2592000,h3-Q043=\":443\"; ma=2592000,quic=\":443\"; ma=2592000; v=\"46,43\"","accept-ranges":"none","transfer-encoding":"chunked"}
[debug] [2021-07-30T16:16:52.651Z] >>> [apiv2][query] GET https://firebase.googleapis.com/v1beta1/projects/eika-shopping-list [none]
[debug] [2021-07-30T16:16:52.912Z] <<< [apiv2][status] GET https://firebase.googleapis.com/v1beta1/projects/eika-shopping-list 200
[debug] [2021-07-30T16:16:52.912Z] <<< [apiv2][body] GET https://firebase.googleapis.com/v1beta1/projects/eika-shopping-list {"projectId":"eika-shopping-list","projectNumber":"653358673616","displayName":"EIKA shopping list","name":"projects/eika-shopping-list","resources":{"hostingSite":"eika-shopping-list","storageBucket":"eika-shopping-list.appspot.com","locationId":"europe-west"},"state":"ACTIVE"}
[info] 
[info] === Deploying to 'eika-shopping-list'...
[info] 
[info] i  deploying hosting 
[debug] [2021-07-30T16:16:52.918Z] > refreshing access token with scopes: ["email","https://www.googleapis.com/auth/cloud-platform","https://www.googleapis.com/auth/cloudplatformprojects.readonly","https://www.googleapis.com/auth/firebase","openid"]
[debug] [2021-07-30T16:16:52.919Z] >>> HTTP REQUEST POST https://www.googleapis.com/oauth2/v3/token  
 <request body omitted>
[debug] [2021-07-30T16:16:52.996Z] <<< HTTP RESPONSE 200 {"date":"Fri, 30 Jul 2021 16:16:52 GMT","cache-control":"no-cache, no-store, max-age=0, must-revalidate","pragma":"no-cache","expires":"Mon, 01 Jan 1990 00:00:00 GMT","content-type":"application/json; charset=utf-8","vary":"X-Origin, Referer, Origin,Accept-Encoding","server":"scaffolding on HTTPServer2","x-xss-protection":"0","x-frame-options":"SAMEORIGIN","x-content-type-options":"nosniff","alt-svc":"h3=\":443\"; ma=2592000,h3-29=\":443\"; ma=2592000,h3-T051=\":443\"; ma=2592000,h3-Q050=\":443\"; ma=2592000,h3-Q046=\":443\"; ma=2592000,h3-Q043=\":443\"; ma=2592000,quic=\":443\"; ma=2592000; v=\"46,43\"","accept-ranges":"none","transfer-encoding":"chunked"}
[debug] [2021-07-30T16:16:53.042Z] >>> HTTP REQUEST POST https://firebasehosting.googleapis.com/v1beta1/sites/eika-shopping-list/versions  
 {"config":{},"labels":{"deployment-tool":"cli-firebase"}}
[debug] [2021-07-30T16:16:54.441Z] <<< HTTP RESPONSE 200 {"content-type":"application/json; charset=UTF-8","vary":"X-Origin, Referer, Origin,Accept-Encoding","date":"Fri, 30 Jul 2021 16:16:54 GMT","server":"ESF","cache-control":"private","x-xss-protection":"0","x-frame-options":"SAMEORIGIN","x-content-type-options":"nosniff","alt-svc":"h3=\":443\"; ma=2592000,h3-29=\":443\"; ma=2592000,h3-T051=\":443\"; ma=2592000,h3-Q050=\":443\"; ma=2592000,h3-Q046=\":443\"; ma=2592000,h3-Q043=\":443\"; ma=2592000,quic=\":443\"; ma=2592000; v=\"46,43\"","accept-ranges":"none","transfer-encoding":"chunked"}
[info] i  hosting[eika-shopping-list]: beginning deploy... 
[info] i  hosting[eika-shopping-list]: found 23 files in build 
[debug] [2021-07-30T16:16:54.460Z] [hosting] hash cache [YnVpbGQ] not populated
[debug] [2021-07-30T16:16:54.579Z] > refreshing access token with scopes: []
[debug] [2021-07-30T16:16:54.579Z] >>> HTTP REQUEST POST https://www.googleapis.com/oauth2/v3/token  
 <request body omitted>
[debug] [2021-07-30T16:16:54.580Z] [hosting] hash cache [YnVpbGQ] stored for 23 files
[debug] [2021-07-30T16:16:54.580Z] [hosting][hash queue][FINAL] {"max":115,"min":9,"avg":16.695652173913043,"active":0,"complete":23,"success":23,"errored":0,"retried":0,"total":23,"elapsed":120}
[debug] [2021-07-30T16:16:54.688Z] <<< HTTP RESPONSE 200 {"pragma":"no-cache","cache-control":"no-cache, no-store, max-age=0, must-revalidate","expires":"Mon, 01 Jan 1990 00:00:00 GMT","date":"Fri, 30 Jul 2021 16:16:54 GMT","content-type":"application/json; charset=utf-8","vary":"X-Origin, Referer, Origin,Accept-Encoding","server":"scaffolding on HTTPServer2","x-xss-protection":"0","x-frame-options":"SAMEORIGIN","x-content-type-options":"nosniff","alt-svc":"h3=\":443\"; ma=2592000,h3-29=\":443\"; ma=2592000,h3-T051=\":443\"; ma=2592000,h3-Q050=\":443\"; ma=2592000,h3-Q046=\":443\"; ma=2592000,h3-Q043=\":443\"; ma=2592000,quic=\":443\"; ma=2592000; v=\"46,43\"","accept-ranges":"none","transfer-encoding":"chunked"}
[debug] [2021-07-30T16:16:54.727Z] >>> [apiv2][query] POST https://firebasehosting.googleapis.com/v1beta1/sites/eika-shopping-list/versions/b735548c99cc47b4:populateFiles [none]
[debug] [2021-07-30T16:16:54.727Z] >>> [apiv2][body] POST https://firebasehosting.googleapis.com/v1beta1/sites/eika-shopping-list/versions/b735548c99cc47b4:populateFiles {"files":{"/asset-manifest.json":"984bc3e9cdd92f2ecebaaad81909838210d3855ec254befe2c57d69494a2a587","/index.html":"763bca07c977ec3a880e372b97aa5fb1a483d28be6828a2bf73668f25a0df823","/favicon.ico":"a135009e745e5c4b126b34de8ca73c7c36e7a535fade1c207afbfa119b5926e9","/static/css/main.cb290cc5.chunk.css":"d177336b4f00cada7baa17fc3441be09c60b7de6a89ed0d716abd5e97091d2a8","/logo192.png":"73427826777f692c88de8a1903d2b748d51817437304c63ee4b38c4a6edd3024","/robots.txt":"391d14b3c2f8c9143a27a28c7399585142228d4d1bdbe2c87ac946de411fa9a2","/static/js/2.a52407e5.chunk.js.LICENSE.txt":"dfc06aacf5768a812b3a631087f9c0cfbb8b6c81caeaddfa34668e1a256bd9c8","/static/js/runtime-main.d6262494.js":"aced29b9a74e9f816c5b6aa770fd4d8b59437c8377cac4876a446b4a3b882b90","/static/css/main.cb290cc5.chunk.css.map":"a251a3b251e1a0d2241c277d26d56f0dff2f46f613b46e3a84301f9a777a3552","/static/js/main.3723fe45.chunk.js":"bb621912cc756e1f3813d95ff9b10f869e507c4e5dc9ed874d5d849355ad9dc9","/static/js/runtime-main.d6262494.js.map":"ff195de64a0b891df66b182633ceca8946e4c11b1b269e045cb726ef12744192","/static/media/checkmark-white.1f827eb1.svg":"2d535358f62c3a7ac6473744b2d48c88f02ff2e644b7ea2a3ce971b2e50a89c5","/static/media/eye-close.cb307cff.svg":"30d32ff747af11d8175c2dbc0b2cd2b00f389aae4aba5495cef8f3a1aafa1550","/static/media/eye-open.0436d4e1.svg":"495be33cd1ad3b261acefd4a017ed0e0584d018bb586412a0b08805ca20e138c","/static/js/main.3723fe45.chunk.js.map":"6d31e0a992bebc11c7bff0d7d05c82f803a65feda96a19dd0738faa1efe7aa64","/static/media/logo.49b19683.svg":"7dc3dafd33254d9bd0762bdd7f56f866bf37d98827812e663495ecc123446b86","/manifest.json":"341d52628782f8ac9290bbfc43298afccb47b7cbfcee146ae30cf0f46bc30900","/logo512.png":"8ad0e69e0e0399985a1a7361ccc5fc7e1e4a80a6d8adb955a3a217f0d18e94e1","/static/media/urban-shopping.8cdd3f02.png":"dda78de9554c2db719cea216686eaaaaf00dcf95ab20d1b471c376587c56289b","/static/js/2.a52407e5.chunk.js":"18c625c8de9264d20841c81e1f4489e162dffe7a61a855124614b068419e628f","/static/media/NotoSans-Regular.fa11626f.ttf":"72b6b8f27ec85ea952e1795332624e491eaf8c90576805504c963945ceb460c1","/static/media/NotoSans-Bold.66ab2974.ttf":"d948b874d338a0c884dcc0edeb678c8902f2b6a0c5e4d174296a7a18c67e39f1","/static/js/2.a52407e5.chunk.js.map":"2a79b7594b71bee0798f663e8c923a591bbd0f7c78543e8fb702557230ebb8b3"}}
[debug] [2021-07-30T16:16:55.878Z] <<< [apiv2][status] POST https://firebasehosting.googleapis.com/v1beta1/sites/eika-shopping-list/versions/b735548c99cc47b4:populateFiles 200
[debug] [2021-07-30T16:16:55.878Z] <<< [apiv2][body] POST https://firebasehosting.googleapis.com/v1beta1/sites/eika-shopping-list/versions/b735548c99cc47b4:populateFiles {"uploadRequiredHashes":["d177336b4f00cada7baa17fc3441be09c60b7de6a89ed0d716abd5e97091d2a8","a251a3b251e1a0d2241c277d26d56f0dff2f46f613b46e3a84301f9a777a3552","984bc3e9cdd92f2ecebaaad81909838210d3855ec254befe2c57d69494a2a587","6d31e0a992bebc11c7bff0d7d05c82f803a65feda96a19dd0738faa1efe7aa64","763bca07c977ec3a880e372b97aa5fb1a483d28be6828a2bf73668f25a0df823","18c625c8de9264d20841c81e1f4489e162dffe7a61a855124614b068419e628f","bb621912cc756e1f3813d95ff9b10f869e507c4e5dc9ed874d5d849355ad9dc9","2a79b7594b71bee0798f663e8c923a591bbd0f7c78543e8fb702557230ebb8b3"],"uploadUrl":"https://upload-firebasehosting.googleapis.com/upload/sites/eika-shopping-list/versions/b735548c99cc47b4/files"}
[debug] [2021-07-30T16:16:55.882Z] >>> [apiv2][query] POST https://upload-firebasehosting.googleapis.com/upload/sites/eika-shopping-list/versions/b735548c99cc47b4/files/d177336b4f00cada7baa17fc3441be09c60b7de6a89ed0d716abd5e97091d2a8 [none]
[debug] [2021-07-30T16:16:55.882Z] >>> [apiv2][body] POST https://upload-firebasehosting.googleapis.com/upload/sites/eika-shopping-list/versions/b735548c99cc47b4/files/d177336b4f00cada7baa17fc3441be09c60b7de6a89ed0d716abd5e97091d2a8 [stream]
[debug] [2021-07-30T16:16:55.884Z] >>> [apiv2][query] POST https://upload-firebasehosting.googleapis.com/upload/sites/eika-shopping-list/versions/b735548c99cc47b4/files/a251a3b251e1a0d2241c277d26d56f0dff2f46f613b46e3a84301f9a777a3552 [none]
[debug] [2021-07-30T16:16:55.884Z] >>> [apiv2][body] POST https://upload-firebasehosting.googleapis.com/upload/sites/eika-shopping-list/versions/b735548c99cc47b4/files/a251a3b251e1a0d2241c277d26d56f0dff2f46f613b46e3a84301f9a777a3552 [stream]
[debug] [2021-07-30T16:16:55.885Z] >>> [apiv2][query] POST https://upload-firebasehosting.googleapis.com/upload/sites/eika-shopping-list/versions/b735548c99cc47b4/files/984bc3e9cdd92f2ecebaaad81909838210d3855ec254befe2c57d69494a2a587 [none]
[debug] [2021-07-30T16:16:55.886Z] >>> [apiv2][body] POST https://upload-firebasehosting.googleapis.com/upload/sites/eika-shopping-list/versions/b735548c99cc47b4/files/984bc3e9cdd92f2ecebaaad81909838210d3855ec254befe2c57d69494a2a587 [stream]
[debug] [2021-07-30T16:16:55.887Z] >>> [apiv2][query] POST https://upload-firebasehosting.googleapis.com/upload/sites/eika-shopping-list/versions/b735548c99cc47b4/files/6d31e0a992bebc11c7bff0d7d05c82f803a65feda96a19dd0738faa1efe7aa64 [none]
[debug] [2021-07-30T16:16:55.887Z] >>> [apiv2][body] POST https://upload-firebasehosting.googleapis.com/upload/sites/eika-shopping-list/versions/b735548c99cc47b4/files/6d31e0a992bebc11c7bff0d7d05c82f803a65feda96a19dd0738faa1efe7aa64 [stream]
[debug] [2021-07-30T16:16:55.888Z] >>> [apiv2][query] POST https://upload-firebasehosting.googleapis.com/upload/sites/eika-shopping-list/versions/b735548c99cc47b4/files/763bca07c977ec3a880e372b97aa5fb1a483d28be6828a2bf73668f25a0df823 [none]
[debug] [2021-07-30T16:16:55.888Z] >>> [apiv2][body] POST https://upload-firebasehosting.googleapis.com/upload/sites/eika-shopping-list/versions/b735548c99cc47b4/files/763bca07c977ec3a880e372b97aa5fb1a483d28be6828a2bf73668f25a0df823 [stream]
[debug] [2021-07-30T16:16:55.889Z] >>> [apiv2][query] POST https://upload-firebasehosting.googleapis.com/upload/sites/eika-shopping-list/versions/b735548c99cc47b4/files/18c625c8de9264d20841c81e1f4489e162dffe7a61a855124614b068419e628f [none]
[debug] [2021-07-30T16:16:55.889Z] >>> [apiv2][body] POST https://upload-firebasehosting.googleapis.com/upload/sites/eika-shopping-list/versions/b735548c99cc47b4/files/18c625c8de9264d20841c81e1f4489e162dffe7a61a855124614b068419e628f [stream]
[debug] [2021-07-30T16:16:55.890Z] >>> [apiv2][query] POST https://upload-firebasehosting.googleapis.com/upload/sites/eika-shopping-list/versions/b735548c99cc47b4/files/bb621912cc756e1f3813d95ff9b10f869e507c4e5dc9ed874d5d849355ad9dc9 [none]
[debug] [2021-07-30T16:16:55.890Z] >>> [apiv2][body] POST https://upload-firebasehosting.googleapis.com/upload/sites/eika-shopping-list/versions/b735548c99cc47b4/files/bb621912cc756e1f3813d95ff9b10f869e507c4e5dc9ed874d5d849355ad9dc9 [stream]
[debug] [2021-07-30T16:16:55.891Z] >>> [apiv2][query] POST https://upload-firebasehosting.googleapis.com/upload/sites/eika-shopping-list/versions/b735548c99cc47b4/files/2a79b7594b71bee0798f663e8c923a591bbd0f7c78543e8fb702557230ebb8b3 [none]
[debug] [2021-07-30T16:16:55.891Z] >>> [apiv2][body] POST https://upload-firebasehosting.googleapis.com/upload/sites/eika-shopping-list/versions/b735548c99cc47b4/files/2a79b7594b71bee0798f663e8c923a591bbd0f7c78543e8fb702557230ebb8b3 [stream]
[debug] [2021-07-30T16:16:55.892Z] [hosting][populate queue][FINAL] {"max":1304,"min":1304,"avg":1304,"active":0,"complete":1,"success":1,"errored":0,"retried":0,"total":1,"elapsed":1314}
[debug] [2021-07-30T16:16:55.892Z] [hosting] uploads queued: 8
[debug] [2021-07-30T16:16:57.310Z] <<< [apiv2][status] POST https://upload-firebasehosting.googleapis.com/upload/sites/eika-shopping-list/versions/b735548c99cc47b4/files/984bc3e9cdd92f2ecebaaad81909838210d3855ec254befe2c57d69494a2a587 200
[debug] [2021-07-30T16:16:57.311Z] <<< [apiv2][body] POST https://upload-firebasehosting.googleapis.com/upload/sites/eika-shopping-list/versions/b735548c99cc47b4/files/984bc3e9cdd92f2ecebaaad81909838210d3855ec254befe2c57d69494a2a587 [stream]
[debug] [2021-07-30T16:16:57.617Z] <<< [apiv2][status] POST https://upload-firebasehosting.googleapis.com/upload/sites/eika-shopping-list/versions/b735548c99cc47b4/files/bb621912cc756e1f3813d95ff9b10f869e507c4e5dc9ed874d5d849355ad9dc9 200
[debug] [2021-07-30T16:16:57.618Z] <<< [apiv2][body] POST https://upload-firebasehosting.googleapis.com/upload/sites/eika-shopping-list/versions/b735548c99cc47b4/files/bb621912cc756e1f3813d95ff9b10f869e507c4e5dc9ed874d5d849355ad9dc9 [stream]
[debug] [2021-07-30T16:16:57.620Z] <<< [apiv2][status] POST https://upload-firebasehosting.googleapis.com/upload/sites/eika-shopping-list/versions/b735548c99cc47b4/files/6d31e0a992bebc11c7bff0d7d05c82f803a65feda96a19dd0738faa1efe7aa64 200
[debug] [2021-07-30T16:16:57.620Z] <<< [apiv2][body] POST https://upload-firebasehosting.googleapis.com/upload/sites/eika-shopping-list/versions/b735548c99cc47b4/files/6d31e0a992bebc11c7bff0d7d05c82f803a65feda96a19dd0738faa1efe7aa64 [stream]
[debug] [2021-07-30T16:16:57.645Z] <<< [apiv2][status] POST https://upload-firebasehosting.googleapis.com/upload/sites/eika-shopping-list/versions/b735548c99cc47b4/files/18c625c8de9264d20841c81e1f4489e162dffe7a61a855124614b068419e628f 200
[debug] [2021-07-30T16:16:57.646Z] <<< [apiv2][body] POST https://upload-firebasehosting.googleapis.com/upload/sites/eika-shopping-list/versions/b735548c99cc47b4/files/18c625c8de9264d20841c81e1f4489e162dffe7a61a855124614b068419e628f [stream]
[debug] [2021-07-30T16:16:57.870Z] <<< [apiv2][status] POST https://upload-firebasehosting.googleapis.com/upload/sites/eika-shopping-list/versions/b735548c99cc47b4/files/a251a3b251e1a0d2241c277d26d56f0dff2f46f613b46e3a84301f9a777a3552 200
[debug] [2021-07-30T16:16:57.871Z] <<< [apiv2][body] POST https://upload-firebasehosting.googleapis.com/upload/sites/eika-shopping-list/versions/b735548c99cc47b4/files/a251a3b251e1a0d2241c277d26d56f0dff2f46f613b46e3a84301f9a777a3552 [stream]
[debug] [2021-07-30T16:16:57.923Z] <<< [apiv2][status] POST https://upload-firebasehosting.googleapis.com/upload/sites/eika-shopping-list/versions/b735548c99cc47b4/files/763bca07c977ec3a880e372b97aa5fb1a483d28be6828a2bf73668f25a0df823 200
[debug] [2021-07-30T16:16:57.923Z] <<< [apiv2][body] POST https://upload-firebasehosting.googleapis.com/upload/sites/eika-shopping-list/versions/b735548c99cc47b4/files/763bca07c977ec3a880e372b97aa5fb1a483d28be6828a2bf73668f25a0df823 [stream]
[debug] [2021-07-30T16:16:58.024Z] <<< [apiv2][status] POST https://upload-firebasehosting.googleapis.com/upload/sites/eika-shopping-list/versions/b735548c99cc47b4/files/d177336b4f00cada7baa17fc3441be09c60b7de6a89ed0d716abd5e97091d2a8 200
[debug] [2021-07-30T16:16:58.024Z] <<< [apiv2][body] POST https://upload-firebasehosting.googleapis.com/upload/sites/eika-shopping-list/versions/b735548c99cc47b4/files/d177336b4f00cada7baa17fc3441be09c60b7de6a89ed0d716abd5e97091d2a8 [stream]
[debug] [2021-07-30T16:16:58.434Z] <<< [apiv2][status] POST https://upload-firebasehosting.googleapis.com/upload/sites/eika-shopping-list/versions/b735548c99cc47b4/files/2a79b7594b71bee0798f663e8c923a591bbd0f7c78543e8fb702557230ebb8b3 200
[debug] [2021-07-30T16:16:58.434Z] <<< [apiv2][body] POST https://upload-firebasehosting.googleapis.com/upload/sites/eika-shopping-list/versions/b735548c99cc47b4/files/2a79b7594b71bee0798f663e8c923a591bbd0f7c78543e8fb702557230ebb8b3 [stream]
[debug] [2021-07-30T16:16:58.435Z] [hosting][upload queue][FINAL] {"max":2553,"min":1431,"avg":1925.5,"active":0,"complete":8,"success":8,"errored":0,"retried":0,"total":8,"elapsed":2556}
[info] ✔  hosting[eika-shopping-list]: file upload complete 
[debug] [2021-07-30T16:16:58.436Z] [hosting] deploy completed after 3994ms
[debug] [2021-07-30T16:16:58.442Z] [
  {
    "config": {
      "public": "build",
      "ignore": [
        "firebase.json",
        "**/.*",
        "**/node_modules/**"
      ],
      "site": "eika-shopping-list"
    },
    "site": "eika-shopping-list",
    "version": "sites/eika-shopping-list/versions/b735548c99cc47b4"
  }
]
[info] i  hosting[eika-shopping-list]: finalizing version... 
[debug] [2021-07-30T16:16:58.443Z] > refreshing access token with scopes: ["email","https://www.googleapis.com/auth/cloud-platform","https://www.googleapis.com/auth/cloudplatformprojects.readonly","https://www.googleapis.com/auth/firebase","openid"]
[debug] [2021-07-30T16:16:58.444Z] >>> HTTP REQUEST POST https://www.googleapis.com/oauth2/v3/token  
 <request body omitted>
[debug] [2021-07-30T16:16:58.536Z] <<< HTTP RESPONSE 200 {"pragma":"no-cache","cache-control":"no-cache, no-store, max-age=0, must-revalidate","date":"Fri, 30 Jul 2021 16:16:58 GMT","expires":"Mon, 01 Jan 1990 00:00:00 GMT","content-type":"application/json; charset=utf-8","vary":"X-Origin, Referer, Origin,Accept-Encoding","server":"scaffolding on HTTPServer2","x-xss-protection":"0","x-frame-options":"SAMEORIGIN","x-content-type-options":"nosniff","alt-svc":"h3=\":443\"; ma=2592000,h3-29=\":443\"; ma=2592000,h3-T051=\":443\"; ma=2592000,h3-Q050=\":443\"; ma=2592000,h3-Q046=\":443\"; ma=2592000,h3-Q043=\":443\"; ma=2592000,quic=\":443\"; ma=2592000; v=\"46,43\"","accept-ranges":"none","transfer-encoding":"chunked"}
[debug] [2021-07-30T16:16:58.578Z] >>> HTTP REQUEST PATCH https://firebasehosting.googleapis.com/v1beta1/sites/eika-shopping-list/versions/b735548c99cc47b4?updateMask=status  
 {"status":"FINALIZED"}
[debug] [2021-07-30T16:16:59.663Z] <<< HTTP RESPONSE 200 {"content-type":"application/json; charset=UTF-8","vary":"X-Origin, Referer, Origin,Accept-Encoding","date":"Fri, 30 Jul 2021 16:16:59 GMT","server":"ESF","cache-control":"private","x-xss-protection":"0","x-frame-options":"SAMEORIGIN","x-content-type-options":"nosniff","alt-svc":"h3=\":443\"; ma=2592000,h3-29=\":443\"; ma=2592000,h3-T051=\":443\"; ma=2592000,h3-Q050=\":443\"; ma=2592000,h3-Q046=\":443\"; ma=2592000,h3-Q043=\":443\"; ma=2592000,quic=\":443\"; ma=2592000; v=\"46,43\"","accept-ranges":"none","transfer-encoding":"chunked"}
[debug] [2021-07-30T16:16:59.664Z] [hosting] finalized version for eika-shopping-list: {"name":"sites/eika-shopping-list/versions/b735548c99cc47b4","status":"FINALIZED","config":{},"labels":{"deployment-tool":"cli-firebase"},"createTime":"2021-07-30T16:16:53.791366Z","createUser":{"email":"eduardo.alvarez@novare.se"},"finalizeTime":"2021-07-30T16:16:59.505210Z","finalizeUser":{"email":"eduardo.alvarez@novare.se"}}
[info] ✔  hosting[eika-shopping-list]: version finalized 
[info] i  hosting[eika-shopping-list]: releasing new version... 
[debug] [2021-07-30T16:16:59.666Z] >>> HTTP REQUEST POST https://firebasehosting.googleapis.com/v1beta1/sites/eika-shopping-list/releases?version_name=sites/eika-shopping-list/versions/b735548c99cc47b4  
 {"message":null}
